<?xml version="1.0" encoding="UTF-8"?>
<!-- Generated by org.testng.reporters.JUnitXMLReporter -->
<testsuite ignored="0" hostname="DESKTOP-O5BDQNS" failures="0" tests="6" name="Test" time="0.076" errors="0" timestamp="2024-06-16T14:41:55 IST">
  <testcase classname="paralleltest.TestClass1" name="parallelTestMethod1" time="0.013"/>
  <testcase classname="paralleltest.TestClass1" name="parallelTestMethod2" time="0.003"/>
  <testcase classname="paralleltest.TestClass1" name="parallelTestMethod3" time="0.002"/>
  <testcase classname="paralleltest.TestClass2" name="parallelTestMethod4" time="0.001"/>
  <testcase classname="paralleltest.TestClass2" name="parallelTestMethod5" time="0.001"/>
  <testcase classname="paralleltest.TestClass2" name="parallelTestMethod6" time="0.002"/>
</testsuite> <!-- Test -->
