<?xml version="1.0" encoding="UTF-8"?>
<!-- Generated by org.testng.reporters.JUnitXMLReporter -->
<testsuite ignored="1" hostname="DESKTOP-O5BDQNS" failures="1" tests="1" name="Test1" time="10.73" errors="0" timestamp="2024-06-08T16:35:49 IST">
  <testcase classname="testing.TestCase" name="testCaseGoogle" time="10.676">
    <failure type="java.lang.AssertionError" message="expected [Hyr tutorials - Google Search] but found [Hyr tutorials -Google Search]">
      <![CDATA[java.lang.AssertionError: expected [Hyr tutorials - Google Search] but found [Hyr tutorials -Google Search]
at testing.TestCase.testCaseGoogle(TestCase.java:21)
at java.base/java.util.ArrayList.forEach(ArrayList.java:1597)
... Removed 31 stack frames]]>
    </failure>
  </testcase> <!-- testCaseGoogle -->
  <testcase classname="testing.TestCase" name="testCaseFacebook" time="0.0">
    <ignored/>
  </testcase> <!-- testCaseFacebook -->
</testsuite> <!-- Test1 -->
