<?xml version="1.0" encoding="UTF-8"?>
<!-- Generated by org.testng.reporters.JUnitXMLReporter -->
<testsuite ignored="4" hostname="DESKTOP-O5BDQNS" failures="0" tests="2" name="Test" time="0.07" errors="0" timestamp="2024-06-09T14:25:54 IST">
  <testcase classname="grouptests.Test1" name="testMethod3" time="0.019"/>
  <testcase classname="grouptests.Test2" name="testMethod4" time="0.002"/>
  <testcase classname="grouptests.Test2" name="testMethod6" time="0.0">
    <ignored/>
  </testcase> <!-- testMethod6 -->
  <testcase classname="grouptests.Test2" name="testMethod5" time="0.0">
    <ignored/>
  </testcase> <!-- testMethod5 -->
  <testcase classname="grouptests.Test1" name="testMethod1" time="0.0">
    <ignored/>
  </testcase> <!-- testMethod1 -->
  <testcase classname="grouptests.Test1" name="testMethod2" time="0.0">
    <ignored/>
  </testcase> <!-- testMethod2 -->
</testsuite> <!-- Test -->
