<?xml version="1.0" encoding="UTF-8"?>
<testng-results ignored="0" total="10" passed="10" failed="0" skipped="0">
  <reporter-output>
  </reporter-output>
  <suite started-at="2024-06-16T15:34:36 IST" name="Suite" finished-at="2024-06-16T15:34:36 IST" duration-ms="73">
    <groups>
    </groups>
    <test started-at="2024-06-16T15:34:36 IST" name="Test1" finished-at="2024-06-16T15:34:36 IST" duration-ms="73">
      <class name="paralleltest.TestClass1">
        <test-method signature="parallelTestMethod1()[pri:0, instance:paralleltest.TestClass1@3023df74]" started-at="2024-06-16T15:34:36 IST" name="parallelTestMethod1" finished-at="2024-06-16T15:34:36 IST" duration-ms="10" status="PASS">
          <reporter-output>
          </reporter-output>
        </test-method> <!-- parallelTestMethod1 -->
        <test-method signature="parallelTestMethod2()[pri:0, instance:paralleltest.TestClass1@3023df74]" started-at="2024-06-16T15:34:36 IST" name="parallelTestMethod2" finished-at="2024-06-16T15:34:36 IST" duration-ms="3" status="PASS">
          <reporter-output>
          </reporter-output>
        </test-method> <!-- parallelTestMethod2 -->
        <test-method signature="parallelTestMethod3()[pri:0, instance:paralleltest.TestClass1@3023df74]" started-at="2024-06-16T15:34:36 IST" name="parallelTestMethod3" finished-at="2024-06-16T15:34:36 IST" duration-ms="2" status="PASS">
          <reporter-output>
          </reporter-output>
        </test-method> <!-- parallelTestMethod3 -->
      </class> <!-- paralleltest.TestClass1 -->
      <class name="paralleltest.TestClass2">
        <test-method signature="parallelTestMethod4()[pri:0, instance:paralleltest.TestClass2@459e9125]" started-at="2024-06-16T15:34:36 IST" name="parallelTestMethod4" finished-at="2024-06-16T15:34:36 IST" duration-ms="2" status="PASS">
          <reporter-output>
          </reporter-output>
        </test-method> <!-- parallelTestMethod4 -->
        <test-method signature="parallelTestMethod5()[pri:0, instance:paralleltest.TestClass2@459e9125]" started-at="2024-06-16T15:34:36 IST" name="parallelTestMethod5" finished-at="2024-06-16T15:34:36 IST" duration-ms="4" status="PASS">
          <reporter-output>
          </reporter-output>
        </test-method> <!-- parallelTestMethod5 -->
        <test-method signature="parallelTestMethod6()[pri:0, instance:paralleltest.TestClass2@459e9125]" started-at="2024-06-16T15:34:36 IST" name="parallelTestMethod6" finished-at="2024-06-16T15:34:36 IST" duration-ms="2" status="PASS">
          <reporter-output>
          </reporter-output>
        </test-method> <!-- parallelTestMethod6 -->
      </class> <!-- paralleltest.TestClass2 -->
    </test> <!-- Test1 -->
    <test started-at="2024-06-16T15:34:36 IST" name="Test2" finished-at="2024-06-16T15:34:36 IST" duration-ms="66">
      <class name="paralleltest.TestClass3">
        <test-method signature="testMethod10()[pri:0, instance:paralleltest.TestClass3@f5958c9]" started-at="2024-06-16T15:34:36 IST" name="testMethod10" finished-at="2024-06-16T15:34:36 IST" duration-ms="10" status="PASS">
          <reporter-output>
          </reporter-output>
        </test-method> <!-- testMethod10 -->
        <test-method signature="testMethod7()[pri:0, instance:paralleltest.TestClass3@f5958c9]" started-at="2024-06-16T15:34:36 IST" name="testMethod7" finished-at="2024-06-16T15:34:36 IST" duration-ms="2" status="PASS">
          <reporter-output>
          </reporter-output>
        </test-method> <!-- testMethod7 -->
        <test-method signature="testMethod8()[pri:0, instance:paralleltest.TestClass3@f5958c9]" started-at="2024-06-16T15:34:36 IST" name="testMethod8" finished-at="2024-06-16T15:34:36 IST" duration-ms="2" status="PASS">
          <reporter-output>
          </reporter-output>
        </test-method> <!-- testMethod8 -->
        <test-method signature="testMethod9()[pri:0, instance:paralleltest.TestClass3@f5958c9]" started-at="2024-06-16T15:34:36 IST" name="testMethod9" finished-at="2024-06-16T15:34:36 IST" duration-ms="3" status="PASS">
          <reporter-output>
          </reporter-output>
        </test-method> <!-- testMethod9 -->
      </class> <!-- paralleltest.TestClass3 -->
    </test> <!-- Test2 -->
  </suite> <!-- Suite -->
</testng-results>
